
Showing logs for build [32mcb-kubecd-bdd-gh-1583520175-mas-hf8w9-1[0m stage [32mfrom-build-pack[0m and container [32mstep-credential-initializer-4px52[0m
{"level":"warn","ts":1583521805.222316,"logger":"fallback-logger","caller":"logging/config.go:69","msg":"Fetch GitHub commit ID from kodata failed: \"ref: refs/heads/0.8.0-**-support-backwards-incompats\" is not a valid GitHub commit ID"}
{"level":"info","ts":1583521805.2228122,"logger":"fallback-logger","caller":"creds-init/main.go:40","msg":"Credentials initialized."}

Showing logs for build [32mcb-kubecd-bdd-gh-1583520175-mas-hf8w9-1[0m stage [32mfrom-build-pack[0m and container [32mstep-working-dir-initializer-rlw66[0m
{"level":"warn","ts":1583521807.2998583,"logger":"fallback-logger","caller":"logging/config.go:69","msg":"Fetch GitHub commit ID from kodata failed: open /var/run/ko/HEAD: no such file or directory"}
{"level":"info","ts":1583521807.3054044,"logger":"fallback-logger","caller":"bash/main.go:64","msg":"Successfully executed command \"sh -c mkdir -p /workspace/source\"; output "}

Showing logs for build [32mcb-kubecd-bdd-gh-1583520175-mas-hf8w9-1[0m stage [32mfrom-build-pack[0m and container [32mstep-place-tools[0m

Showing logs for build [32mcb-kubecd-bdd-gh-1583520175-mas-hf8w9-1[0m stage [32mfrom-build-pack[0m and container [32mstep-git-source-cb-kubecd-bdd-gh-1583520175-mas-hf8w9-sm6vp[0m
{"level":"warn","ts":1583521919.4932868,"logger":"fallback-logger","caller":"logging/config.go:69","msg":"Fetch GitHub commit ID from kodata failed: \"ref: refs/heads/0.8.0-**-support-backwards-incompats\" is not a valid GitHub commit ID"}
{"level":"info","ts":1583521920.5659578,"logger":"fallback-logger","caller":"git/git.go:103","msg":"Successfully cloned https://github.com/cb-kubecd/bdd-gh-1583520175.git @ v0.0.1 in path /workspace/source"}

Showing logs for build [32mcb-kubecd-bdd-gh-1583520175-mas-hf8w9-1[0m stage [32mfrom-build-pack[0m and container [32mstep-git-merge[0m
Using SHAs from PULL_REFS=master:d942036b4cf91ccb629c4ae260f6dd2280a77caf
WARNING: no SHAs to merge, falling back to initial cloned commit

Showing logs for build [32mcb-kubecd-bdd-gh-1583520175-mas-hf8w9-1[0m stage [32mfrom-build-pack[0m and container [32mstep-setup-jx-git-credentials[0m
Generated Git credentials file /workspace/xdg_config/git/credentials

Showing logs for build [32mcb-kubecd-bdd-gh-1583520175-mas-hf8w9-1[0m stage [32mfrom-build-pack[0m and container [32mstep-build-make-build[0m
CGO_ENABLED=0 GO15VENDOREXPERIMENT=1 go build -ldflags '' -o bin/bdd-gh-1583520175 main.go

Showing logs for build [32mcb-kubecd-bdd-gh-1583520175-mas-hf8w9-1[0m stage [32mfrom-build-pack[0m and container [32mstep-build-container-build[0m
[36mINFO[0m[0000] No base image, nothing to extract            
[36mINFO[0m[0000] cmd: EXPOSE                                  
[36mINFO[0m[0000] Adding exposed port: 8080/tcp                
[36mINFO[0m[0000] Using files from context: [/workspace/source/bin] 
[36mINFO[0m[0000] Skipping unpacking as no commands require it. 
[36mINFO[0m[0000] Taking snapshot of full filesystem...        
[36mINFO[0m[0000] EXPOSE 8080                                  
[36mINFO[0m[0000] cmd: EXPOSE                                  
[36mINFO[0m[0000] Adding exposed port: 8080/tcp                
[36mINFO[0m[0000] No files changed in this command, skipping snapshotting. 
[36mINFO[0m[0000] ENTRYPOINT ["/bdd-gh-1583520175"]            
[36mINFO[0m[0000] No files changed in this command, skipping snapshotting. 
[36mINFO[0m[0000] Using files from context: [/workspace/source/bin] 
[36mINFO[0m[0000] COPY ./bin/ /                                
[36mINFO[0m[0000] Taking snapshot of files...                  
2020/03/06 19:12:17 pushed blob: sha256:3ab1870f6b5d8ce0ed3ed2c75aa415c1b76b06faff5db9de59e717467a06402a
2020/03/06 19:12:17 pushed blob: sha256:a703d2a669775ce656663480b9ddba3b5486f8b3b41675cab9c7628deac87add
2020/03/06 19:12:19 gcr.io/jenkins-x-bdd3/bdd-gh-1583520175:0.0.1: digest: sha256:c592c28c8ea07f14fbbd24e1bd7db6f491b563350c1ec2d6dc971f8273cf20c0 size: 428

Showing logs for build [32mcb-kubecd-bdd-gh-1583520175-mas-hf8w9-1[0m stage [32mfrom-build-pack[0m and container [32mstep-build-post-build[0m
no CVE provider running in the current ** namespace so skip adding image to be analysed

Showing logs for build [32mcb-kubecd-bdd-gh-1583520175-mas-hf8w9-1[0m stage [32mfrom-build-pack[0m and container [32mstep-promote-changelog[0m
Converted /workspace/source/charts/bdd-gh-1583520175 to an unshallow repository
Generating change log from git ref 37116dcc079e5ee79c800fd64b8cf7e12ed7b730 => 03d039ada0d25fd1b4159225d7c4c0a8ac44a714
Associating user x-0 in users.jenkins.io with email c**d-bot@cloudbees.com to git GitProvider user with login -0 as emails match
Adding label jenkins.io/git-github-userid=-0 to user x-0 in users.jenkins.io
WARNING: Failed to enrich commit d942036b4cf91ccb629c4ae260f6dd2280a77caf with issues: User.jenkins.io "x-0" is invalid: metadata.labels: Invalid value: "-0": a valid label must be an empty string or consist of alphanumeric characters, '-', '_' or '.', and must start and end with an alphanumeric character (e.g. 'MyValue',  or 'my_value',  or '12345', regex used for validation is '(([A-Za-z0-9][-A-Za-z0-9_.]*)?[A-Za-z0-9])?')
Associating user x-0 in users.jenkins.io with email c**d-bot@cloudbees.com to git GitProvider user with login -0 as emails match
Adding label jenkins.io/git-github-userid=-0 to user x-0 in users.jenkins.io
WARNING: Failed to enrich commit d942036b4cf91ccb629c4ae260f6dd2280a77caf with issues: User.jenkins.io "x-0" is invalid: metadata.labels: Invalid value: "-0": a valid label must be an empty string or consist of alphanumeric characters, '-', '_' or '.', and must start and end with an alphanumeric character (e.g. 'MyValue',  or 'my_value',  or '12345', regex used for validation is '(([A-Za-z0-9][-A-Za-z0-9_.]*)?[A-Za-z0-9])?')
Finding issues in commit messages using git format
WARNING: No release found for cb-kubecd/bdd-gh-1583520175 and tag v0.0.1 so creating a new release
Updated the release information at https://github.com/cb-kubecd/bdd-gh-1583520175/releases/tag/v0.0.1
generated: /workspace/source/charts/bdd-gh-1583520175/templates/release.yaml
Created Release bdd-gh-1583520175-0-0-1 resource in namespace **
Updating PipelineActivity cb-kubecd-bdd-gh-1583520175-master-1 with version 0.0.1
Updated PipelineActivities cb-kubecd-bdd-gh-1583520175-master-1 with release notes URL: https://github.com/cb-kubecd/bdd-gh-1583520175/releases/tag/v0.0.1

Showing logs for build [32mcb-kubecd-bdd-gh-1583520175-mas-hf8w9-1[0m stage [32mfrom-build-pack[0m and container [32mstep-promote-helm-release[0m
WARNING: No $CHART_REPOSITORY defined so using the default value of: http://jenkins-x-chartmuseum:8080
Adding missing Helm repo: storage.googleapis.com https://storage.googleapis.com/chartmuseum.jenkins-x.io
WARNING: No secrets found on "helm/repos" due: reading the secret "helm/repos" from vault: no secret "helm/repos" not found in vault
Read credentials for https://storage.googleapis.com/chartmuseum.jenkins-x.io from vault helm/repos
Successfully added Helm repository storage.googleapis.com.
Adding missing Helm repo: jenkins-x-chartmuseum http://jenkins-x-chartmuseum:8080
WARNING: No secrets found on "helm/repos" due: reading the secret "helm/repos" from vault: no secret "helm/repos" not found in vault
Read credentials for http://jenkins-x-chartmuseum:8080 from vault helm/repos
Successfully added Helm repository jenkins-x-chartmuseum.
WARNING: No $CHART_REPOSITORY defined so using the default value of: http://jenkins-x-chartmuseum:8080
Uploading chart file bdd-gh-1583520175-0.0.1.tgz to http://jenkins-x-chartmuseum:8080/api/charts
Received 201 response: {"saved":true}

Showing logs for build [32mcb-kubecd-bdd-gh-1583520175-mas-hf8w9-1[0m stage [32mfrom-build-pack[0m and container [32mstep-promote-jx-promote[0m
WARNING: prow based install so skip waiting for the merge of Pull Requests to go green as currently there is an issue with gettingstatuses from the PR, see https://github.com/jenkins-x/**/issues/2410
WARNING: No $CHART_REPOSITORY defined so using the default value of: http://jenkins-x-chartmuseum:8080
Promoting app bdd-gh-1583520175 version 0.0.1 to namespace **-staging
WARNING: 
Created Pull Request: https://github.com/cb-kubecd/environment-pr-176-5-boot-gke-staging/pull/4
Added label updatebot to Pull Request https://github.com/cb-kubecd/environment-pr-176-5-boot-gke-staging/pull/4
got git provider status pending from PR https://github.com/cb-kubecd/environment-pr-176-5-boot-gke-staging/pull/4
got git provider status pending from PR https://github.com/cb-kubecd/environment-pr-176-5-boot-gke-staging/pull/4
got git provider status pending from PR https://github.com/cb-kubecd/environment-pr-176-5-boot-gke-staging/pull/4
got git provider status pending from PR https://github.com/cb-kubecd/environment-pr-176-5-boot-gke-staging/pull/4
got git provider status pending from PR https://github.com/cb-kubecd/environment-pr-176-5-boot-gke-staging/pull/4
got git provider status pending from PR https://github.com/cb-kubecd/environment-pr-176-5-boot-gke-staging/pull/4
Pull Request https://github.com/cb-kubecd/environment-pr-176-5-boot-gke-staging/pull/4 is merged at sha 5a2b601772ec7dad151565806c46a1c869979e71
Pull Request merged but we are not waiting for the update pipeline to complete!
WARNING: Could not find the service URL in namespace **-staging for names bdd-gh-1583520175, **-bdd-gh-1583520175, **-staging-bdd-gh-1583520175
